**
(thesis.tex
LaTeX2e <2021-11-15> patch level 1
L3 programming layer <2022-02-24> (report.cls
Document Class: report 2021/10/04 v1.4n Standard LaTeX document class
(size12.clo
File: size12.clo 2021/10/04 v1.4n Standard LaTeX file (size option)
)
\c@part=\count181
\c@chapter=\count182
\c@section=\count183
\c@subsection=\count184
\c@subsubsection=\count185
\c@paragraph=\count186
\c@subparagraph=\count187
\c@figure=\count188
\c@table=\count189
\abovecaptionskip=\skip47
\belowcaptionskip=\skip48
\bibindent=\dimen138
) (geometry.sty
Package: geometry 2020/01/02 v5.9 Page Geometry
 (keyval.sty
Package: keyval 2014/10/28 v1.15 key=value parser (DPC)
\KV@toks@=\toks16
) (ifvtex.sty
Package: ifvtex 2019/10/25 v1.7 ifvtex legacy package. Use iftex instead.
 (iftex.sty
Package: iftex 2022/02/03 v1.0f TeX engine tests
))
\Gm@cnth=\count190
\Gm@cntv=\count191
\c@Gm@tempcnt=\count192
\Gm@bindingoffset=\dimen139
\Gm@wd@mp=\dimen140
\Gm@odd@mp=\dimen141
\Gm@even@mp=\dimen142
\Gm@layoutwidth=\dimen143
\Gm@layoutheight=\dimen144
\Gm@layouthoffset=\dimen145
\Gm@layoutvoffset=\dimen146
\Gm@dimlist=\toks17
) (amsmath.sty
Package: amsmath 2021/10/15 v2.17l AMS math features
\@mathmargin=\skip49
For additional information on amsmath, use the `?' option.
(amstext.sty
Package: amstext 2021/08/26 v2.01 AMS text
 (amsgen.sty
File: amsgen.sty 1999/11/30 v2.0 generic functions
\@emptytoks=\toks18
\ex@=\dimen147
)) (amsbsy.sty
Package: amsbsy 1999/11/29 v1.2d Bold Symbols
\pmbraise@=\dimen148
) (amsopn.sty
Package: amsopn 2021/08/26 v2.02 operator names
)
\inf@bad=\count193
LaTeX Info: Redefining \frac on input line 234.
\uproot@=\count194
\leftroot@=\count195
LaTeX Info: Redefining \overline on input line 399.
\classnum@=\count196
\DOTSCASE@=\count197
LaTeX Info: Redefining \ldots on input line 496.
LaTeX Info: Redefining \dots on input line 499.
LaTeX Info: Redefining \cdots on input line 620.
\Mathstrutbox@=\box50
\strutbox@=\box51
\big@size=\dimen149
LaTeX Font Info:    Redeclaring font encoding OML on input line 743.
LaTeX Font Info:    Redeclaring font encoding OMS on input line 744.
\macc@depth=\count198
\c@MaxMatrixCols=\count199
\dotsspace@=\muskip16
\c@parentequation=\count266
\dspbrk@lvl=\count267
\tag@help=\toks19
\row@=\count268
\column@=\count269
\maxfields@=\count270
\andhelp@=\toks20
\eqnshift@=\dimen150
\alignsep@=\dimen151
\tagshift@=\dimen152
\tagwidth@=\dimen153
\totwidth@=\dimen154
\lineht@=\dimen155
\@envbody=\toks21
\multlinegap=\skip50
\multlinetaggap=\skip51
\mathdisplay@stack=\toks22
LaTeX Info: Redefining \[ on input line 2938.
LaTeX Info: Redefining \] on input line 2939.
) (amssymb.sty
Package: amssymb 2013/01/14 v3.01 AMS font symbols

(amsfonts.sty
Package: amsfonts 2013/01/14 v3.01 Basic AMSFonts support
\symAMSa=\mathgroup4
\symAMSb=\mathgroup5
LaTeX Font Info:    Redeclaring math symbol \hbar on input line 98.
LaTeX Font Info:    Overwriting math alphabet `\mathfrak' in version `bold'
(Font)                  U/euf/m/n --> U/euf/b/n on input line 106.
)) (amsthm.sty
Package: amsthm 2020/05/29 v2.20.6
\thm@style=\toks23
\thm@bodyfont=\toks24
\thm@headfont=\toks25
\thm@notefont=\toks26
\thm@headpunct=\toks27
\thm@preskip=\skip52
\thm@postskip=\skip53
\thm@headsep=\skip54
\dth@everypar=\toks28
) (physics.sty
Package: physics 
 (xparse.sty (expl3.sty
Package: expl3 2022-02-24 L3 programming layer (loader) 

(l3backend-xetex.def
File: l3backend-xetex.def 2022-02-07 L3 backend support: XeTeX
\c__kernel_sys_dvipdfmx_version_int=\count271
\l__color_backend_stack_int=\count272
\g__color_backend_stack_int=\count273
\g__graphics_track_int=\count274
\l__pdf_internal_box=\box52
\g__pdf_backend_object_int=\count275
\g__pdf_backend_annotation_int=\count276
\g__pdf_backend_link_int=\count277
))
Package: xparse 2022-01-12 L3 Experimental document command parser
)) (float.sty
Package: float 2001/11/08 v1.3d Float enhancements (AL)
\c@float@type=\count278
\float@exts=\toks29
\float@box=\box53
\@float@everytoks=\toks30
\@floatcapt=\box54
) (subcaption.sty
Package: subcaption 2022/01/07 v1.5 Sub-captions (AR)
 (caption.sty
Package: caption 2022/03/01 v3.6b Customizing captions (AR)
 (caption3.sty
Package: caption3 2022/03/17 v2.3b caption3 kernel (AR)
\caption@tempdima=\dimen156
\captionmargin=\dimen157
\caption@leftmargin=\dimen158
\caption@rightmargin=\dimen159
\caption@width=\dimen160
\caption@indent=\dimen161
\caption@parindent=\dimen162
\caption@hangindent=\dimen163
Package caption Info: Standard document class detected.
)
\c@caption@flags=\count279
\c@continuedfloat=\count280
Package caption Info: float package is loaded.
)
\c@subfigure=\count281
\c@subtable=\count282
) (graphicx.sty
Package: graphicx 2021/09/16 v1.2d Enhanced LaTeX Graphics (DPC,SPQR)
 (graphics.sty
Package: graphics 2021/03/04 v1.4d Standard LaTeX Graphics (DPC,SPQR)
 (trig.sty
Package: trig 2021/08/11 v1.11 sin cos tan (DPC)
) (graphics.cfg
File: graphics.cfg 2016/06/04 v1.11 sample graphics configuration
)
Package graphics Info: Driver file: xetex.def on input line 107.
 (xetex.def
File: xetex.def 2021/03/18 v5.0k Graphics/color driver for xetex
))
\Gin@req@height=\dimen164
\Gin@req@width=\dimen165
)
(hyperref.sty
Package: hyperref 2022-02-21 v7.00n Hypertext links for LaTeX
 (ltxcmds.sty
Package: ltxcmds 2020-05-10 v1.25 LaTeX kernel commands for general use (HO)
) (pdftexcmds.sty
Package: pdftexcmds 2020-06-27 v0.33 Utility functions of pdfTeX for LuaTeX (HO
)
 (infwarerr.sty
Package: infwarerr 2019/12/03 v1.5 Providing info/warning/error messages (HO)
)
Package pdftexcmds Info: \pdf@primitive is available.
Package pdftexcmds Info: \pdf@ifprimitive is available.
Package pdftexcmds Info: \pdfdraftmode not found.
) (kvsetkeys.sty
Package: kvsetkeys 2019/12/15 v1.18 Key value parser (HO)
)
(kvdefinekeys.sty
Package: kvdefinekeys 2019-12-19 v1.6 Define keys (HO)
) (pdfescape.sty
Package: pdfescape 2019/12/09 v1.15 Implements pdfTeX's escape features (HO)
) (hycolor.sty
Package: hycolor 2020-01-27 v1.10 Color options for hyperref/bookmark (HO)
) (letltxmacro.sty
Package: letltxmacro 2019/12/03 v1.6 Let assignment for LaTeX macros (HO)
) (auxhook.sty
Package: auxhook 2019-12-17 v1.6 Hooks for auxiliary files (HO)
) (kvoptions.sty
Package: kvoptions 2020-10-07 v3.14 Key value format for package options (HO)
)
\@linkdim=\dimen166
\Hy@linkcounter=\count283
\Hy@pagecounter=\count284
 (pd1enc.def
File: pd1enc.def 2022-02-21 v7.00n Hyperref: PDFDocEncoding definition (HO)
) (intcalc.sty
Package: intcalc 2019/12/15 v1.3 Expandable calculations with integers (HO)
) (etexcmds.sty
Package: etexcmds 2019/12/15 v1.7 Avoid name clashes with e-TeX commands (HO)
)
\Hy@SavedSpaceFactor=\count285
 (puenc.def
File: puenc.def 2022-02-21 v7.00n Hyperref: PDF Unicode definition (HO)
)
Package hyperref Info: Hyper figures OFF on input line 4137.
Package hyperref Info: Link nesting OFF on input line 4142.
Package hyperref Info: Hyper index ON on input line 4145.
Package hyperref Info: Plain pages OFF on input line 4152.
Package hyperref Info: Backreferencing OFF on input line 4157.
Package hyperref Info: Implicit mode ON; LaTeX internals redefined.
Package hyperref Info: Bookmarks ON on input line 4390.
\c@Hy@tempcnt=\count286

(url.sty
\Urlmuskip=\muskip17
Package: url 2013/09/16  ver 3.4  Verb mode for urls, etc.
)
LaTeX Info: Redefining \url on input line 4749.
\XeTeXLinkMargin=\dimen167
 (bitset.sty
Package: bitset 2019/12/09 v1.3 Handle bit-vector datatype (HO)
 (bigintcalc.sty
Package: bigintcalc 2019/12/15 v1.5 Expandable calculations on big integers (HO
)
))
\Fld@menulength=\count287
\Field@Width=\dimen168
\Fld@charsize=\dimen169
Package hyperref Info: Hyper figures OFF on input line 6027.
Package hyperref Info: Link nesting OFF on input line 6032.
Package hyperref Info: Hyper index ON on input line 6035.
Package hyperref Info: backreferencing OFF on input line 6042.
Package hyperref Info: Link coloring OFF on input line 6047.
Package hyperref Info: Link coloring with OCG OFF on input line 6052.
Package hyperref Info: PDF/A mode OFF on input line 6057.
LaTeX Info: Redefining \ref on input line 6097.
LaTeX Info: Redefining \pageref on input line 6101.
 (atbegshi-ltx.sty
Package: atbegshi-ltx 2021/01/10 v1.0c Emulation of the original atbegshi
package with kernel methods
)
\Hy@abspage=\count288
\c@Item=\count289
\c@Hfootnote=\count290
)
Package hyperref Info: Driver (autodetected): hxetex.
 (hxetex.def
File: hxetex.def 2022-02-21 v7.00n Hyperref driver for XeTeX

(stringenc.sty
Package: stringenc 2019/11/29 v1.12 Convert strings between diff. encodings (HO
)
)
\pdfm@box=\box55
\c@Hy@AnnotLevel=\count291
\HyField@AnnotCount=\count292
\Fld@listcount=\count293
\c@bookmark@seq@number=\count294
 (rerunfilecheck.sty
Package: rerunfilecheck 2019/12/05 v1.9 Rerun checks for auxiliary files (HO)
 (atveryend-ltx.sty
Package: atveryend-ltx 2020/08/19 v1.0a Emulation of the original atveryend pac
kage
with kernel methods
) (uniquecounter.sty
Package: uniquecounter 2019/12/15 v1.4 Provide unlimited unique counter (HO)
)
Package uniquecounter Info: New unique counter `rerunfilecheck' on input line 2
86.
)
\Hy@SectionHShift=\skip55
)
(setspace.sty
Package: setspace 2011/12/19 v6.7a set line spacing
) (listings.sty
\lst@mode=\count295
\lst@gtempboxa=\box56
\lst@token=\toks31
\lst@length=\count296
\lst@currlwidth=\dimen170
\lst@column=\count297
\lst@pos=\count298
\lst@lostspace=\dimen171
\lst@width=\dimen172
\lst@newlines=\count299
\lst@lineno=\count300
\lst@maxwidth=\dimen173
 (lstmisc.sty
File: lstmisc.sty 2020/03/24 1.8d (Carsten Heinz)
\c@lstnumber=\count301
\lst@skipnumbers=\count302
\lst@framebox=\box57
) (listings.cfg
File: listings.cfg 2020/03/24 1.8d listings configuration
))
Package: listings 2020/03/24 1.8d (Carsten Heinz)
 (xcolor.sty
Package: xcolor 2021/10/31 v2.13 LaTeX color extensions (UK)

(color.cfg
File: color.cfg 2016/01/02 v1.6 sample color configuration
)
Package xcolor Info: Driver file: xetex.def on input line 227.
Package xcolor Info: Model `cmy' substituted by `cmy0' on input line 1352.
Package xcolor Info: Model `RGB' extended on input line 1368.
Package xcolor Info: Model `HTML' substituted by `rgb' on input line 1370.
Package xcolor Info: Model `Hsb' substituted by `hsb' on input line 1371.
Package xcolor Info: Model `tHsb' substituted by `hsb' on input line 1372.
Package xcolor Info: Model `HSB' substituted by `hsb' on input line 1373.
Package xcolor Info: Model `Gray' substituted by `gray' on input line 1374.
Package xcolor Info: Model `wave' substituted by `hsb' on input line 1375.
)
\c@proposition=\count303
\c@definition=\count304
\c@theorem=\count305
 (thesis.aux (introduction.aux) (theoretical-analysis.aux)
(spectral-method.aux) (singular-perturbation.aux) (numerical-experiments.aux)
(discussion.aux) (verification-of-analytical-solutions.aux))
\openout1 = `thesis.aux'.

LaTeX Font Info:    Checking defaults for OML/cmm/m/it on input line 54.
LaTeX Font Info:    ... okay on input line 54.
LaTeX Font Info:    Checking defaults for OMS/cmsy/m/n on input line 54.
LaTeX Font Info:    ... okay on input line 54.
LaTeX Font Info:    Checking defaults for OT1/cmr/m/n on input line 54.
LaTeX Font Info:    ... okay on input line 54.
LaTeX Font Info:    Checking defaults for T1/cmr/m/n on input line 54.
LaTeX Font Info:    ... okay on input line 54.
LaTeX Font Info:    Checking defaults for TS1/cmr/m/n on input line 54.
LaTeX Font Info:    Trying to load font information for TS1+cmr on input line 5
4.
 (ts1cmr.fd
File: ts1cmr.fd 2019/12/16 v2.5j Standard LaTeX font definitions
)
LaTeX Font Info:    ... okay on input line 54.
LaTeX Font Info:    Checking defaults for TU/lmr/m/n on input line 54.
LaTeX Font Info:    ... okay on input line 54.
LaTeX Font Info:    Checking defaults for OMX/cmex/m/n on input line 54.
LaTeX Font Info:    ... okay on input line 54.
LaTeX Font Info:    Checking defaults for U/cmr/m/n on input line 54.
LaTeX Font Info:    ... okay on input line 54.
LaTeX Font Info:    Checking defaults for PD1/pdf/m/n on input line 54.
LaTeX Font Info:    ... okay on input line 54.
LaTeX Font Info:    Checking defaults for PU/pdf/m/n on input line 54.
LaTeX Font Info:    ... okay on input line 54.

*geometry* driver: auto-detecting
*geometry* detected driver: xetex
*geometry* verbose mode - [ preamble ] result:
* driver: xetex
* paper: <default>
* layout: <same size as paper>
* layoutoffset:(h,v)=(0.0pt,0.0pt)
* modes: 
* h-part:(L,W,R)=(71.13188pt, 472.03123pt, 71.13188pt)
* v-part:(T,H,B)=(71.13188pt, 652.70622pt, 71.13188pt)
* \paperwidth=614.295pt
* \paperheight=794.96999pt
* \textwidth=472.03123pt
* \textheight=652.70622pt
* \oddsidemargin=-1.1381pt
* \evensidemargin=-1.1381pt
* \topmargin=-38.1381pt
* \headheight=12.0pt
* \headsep=25.0pt
* \topskip=12.0pt
* \footskip=30.0pt
* \marginparwidth=44.0pt
* \marginparsep=10.0pt
* \columnsep=10.0pt
* \skip\footins=10.8pt plus 4.0pt minus 2.0pt
* \hoffset=0.0pt
* \voffset=0.0pt
* \mag=1000
* \@twocolumnfalse
* \@twosidefalse
* \@mparswitchfalse
* \@reversemarginfalse
* (1in=72.27pt=25.4mm, 1cm=28.453pt)

Package caption Info: Begin \AtBeginDocument code.
Package caption Info: hyperref package is loaded.
Package caption Info: listings package is loaded.
Package caption Info: End \AtBeginDocument code.
Package hyperref Info: Link coloring OFF on input line 54.
(nameref.sty
Package: nameref 2021-04-02 v2.47 Cross-referencing by name of section
 (refcount.sty
Package: refcount 2019/12/15 v3.6 Data extraction from label references (HO)
) (gettitlestring.sty
Package: gettitlestring 2019/12/15 v1.6 Cleanup title references (HO)
)
\c@section@level=\count306
)
LaTeX Info: Redefining \ref on input line 54.
LaTeX Info: Redefining \pageref on input line 54.
LaTeX Info: Redefining \nameref on input line 54.
 (thesis.out) (thesis.out)
\@outlinefile=\write3
\openout3 = `thesis.out'.

\c@lstlisting=\count307
LaTeX Font Info:    Trying to load font information for U+msa on input line 57.


(umsa.fd
File: umsa.fd 2013/01/14 v3.01 AMS symbols A
)
LaTeX Font Info:    Trying to load font information for U+msb on input line 57.

 (umsb.fd
File: umsb.fd 2013/01/14 v3.01 AMS symbols B
) [1

] (thesis.toc [1

])
\tf@toc=\write4
\openout4 = `thesis.toc'.

 [2] [1]
\openout2 = `introduction.aux'.

 (introduction.tex
Chapter 1.
File: figures/plasma-properties.jpg Graphic file (type bmp)
<figures/plasma-properties.jpg>
[2


]
File: figures/debye-shielding.png Graphic file (type bmp)
<figures/debye-shielding.png>
 [3]
File: figures/debye-potential.png Graphic file (type bmp)
<figures/debye-potential.png>
 [4]
File: figures/plasma-oscillation.png Graphic file (type bmp)
<figures/plasma-oscillation.png>
 [5]
File: figures/stability-visualization.png Graphic file (type bmp)
<figures/stability-visualization.png>
File: figures/two-stream-instability.png Graphic file (type bmp)
<figures/two-stream-instability.png>
 [6]
Overfull \hbox (7.07874pt too wide) in paragraph at lines 101--102
[]\TU/lmr/m/n/12 Assume perturbation takes exponential form: Let perturbations 
take the form $[][][]$.
 []

[7]
File: figures/magnetic-nozzle.png Graphic file (type bmp)
<figures/magnetic-nozzle.png>
 [8]
File: figures/magnetic-field.png Graphic file (type bmp)
<figures/magnetic-field.png>
 [9] [10]
File: figures/steady-state-BP-flow.png Graphic file (type bmp)
<figures/steady-state-BP-flow.png>


LaTeX Warning: Citation `bbondi_spherically_1952' on page 11 undefined on input
 line 172.

[11] [12]) [13]
\openout2 = `theoretical-analysis.aux'.

 (theoretical-analysis.tex
Chapter 2.
[14




] [15]
File: figures/particle-in-mirror.png Graphic file (type bmp)
<figures/particle-in-mirror.png>
 [16]
File: figures/gyrate-along-b-field.png Graphic file (type bmp)
<figures/gyrate-along-b-field.png>
 [17] [18] [19] [20]

Package hyperref Warning: Token not allowed in a PDF string (Unicode):
(hyperref)                removing `math shift' on input line 201.


Package hyperref Warning: Token not allowed in a PDF string (Unicode):
(hyperref)                removing `math shift' on input line 201.

File: figures/lambert-w.png Graphic file (type bmp)
<figures/lambert-w.png>
[21] [22]
File: figures/velocity-profiles.png Graphic file (type bmp)
<figures/velocity-profiles.png>
 [23] [24] [25] [26] [27]
File: figures/exact-fixed-fixed-v0=0.5.png Graphic file (type bmp)
<figures/exact-fixed-fixed-v0=0.5.png>
File: figures/exact-fixed-fixed-v0=1.5.png Graphic file (type bmp)
<figures/exact-fixed-fixed-v0=1.5.png>
 [28]
File: figures/exact-fixed-open-v0=0.5.png Graphic file (type bmp)
<figures/exact-fixed-open-v0=0.5.png>
File: figures/exact-fixed-open-v0=1.5.png Graphic file (type bmp)
<figures/exact-fixed-open-v0=1.5.png>
) [29]
\openout2 = `spectral-method.aux'.

 (spectral-method.tex
Chapter 3.

Overfull \hbox (21.65952pt too wide) detected at line 30
[]
 []

[30




] [31]
File: figures/chebyshev-differentiation-matrix.png Graphic file (type bmp)
<figures/chebyshev-differentiation-matrix.png>
File: figures/chebyshev-vs-fd.png Graphic file (type bmp)
<figures/chebyshev-vs-fd.png>
 [32]
File: figures/interior-of-chebyshev-differentiation-matrix.png Graphic file (ty
pe bmp)
<figures/interior-of-chebyshev-differentiation-matrix.png>
 (lstlang1.sty
File: lstlang1.sty 2020/03/24 1.8d listings language file
)
Package hyperref Info: bookmark level for unknown lstlisting defaults to 0 on i
nput line 84.
 [33] [34]
Overfull \hbox (0.81577pt too wide) in paragraph at lines 129--131
\TU/lmr/m/n/12 After getting the eigenfunctions $\OT1/cmr/bx/n/12 c \OT1/cmr/m/
n/12 = [[]\OML/cmm/m/it/12 ; []  ; []\OT1/cmr/m/n/12 ][]$\TU/lmr/m/n/12 , we ne
ed to prepend $[]$ to $\OT1/cmr/bx/n/12 c$ \TU/lmr/m/n/12 using Eq. ([]3.10[]).

 []

[35] [36]
File: figures/legendre-dirichlet.png Graphic file (type bmp)
<figures/legendre-dirichlet.png>
 [37]
File: figures/legendre-fixed-open.png Graphic file (type bmp)
<figures/legendre-fixed-open.png>

Overfull \hbox (78.06908pt too wide) detected at line 214
[]
 []

[38]
Overfull \hbox (25.44269pt too wide) in paragraph at lines 263--263
[]\TU/lmr/bx/n/17.28 Spectral Theory in Finite-Dimensional Normed Spaces 
 []

[39] [40]
File: figures/eigvals-bad.png Graphic file (type bmp)
<figures/eigvals-bad.png>
File: figures/eigvecs-bad.png Graphic file (type bmp)
<figures/eigvecs-bad.png>
 [41]
File: figures/eigvals-good.png Graphic file (type bmp)
<figures/eigvals-good.png>
File: figures/eigvecs-good.png Graphic file (type bmp)
<figures/eigvecs-good.png>
 [42]
File: figures/eigenvalues-eigenfunctions-convergence.png Graphic file (type bmp
)
<figures/eigenvalues-eigenfunctions-convergence.png>
) [43]
\openout2 = `singular-perturbation.aux'.

 (singular-perturbation.tex
Chapter 4.
File: figures/results-bad-accelerating-v.png Graphic file (type bmp)
<figures/results-bad-accelerating-v.png>
[44




] [45] [46] [47] [48]) [49]
\openout2 = `numerical-experiments.aux'.

 (numerical-experiments.tex
Chapter 5.
[50




]
Overfull \hbox (43.78888pt too wide) in paragraph at lines 33--43
 [][] 
 []

File: figures/constant-subsonic-dirichlet.png Graphic file (type bmp)
<figures/constant-subsonic-dirichlet.png>

Overfull \hbox (43.78888pt too wide) in paragraph at lines 58--68
 [][] 
 []


Overfull \hbox (78.01192pt too wide) in paragraph at lines 54--68
\TU/lmr/m/n/12 The numerical eigenvalues agree with the exact eigenvalues. The 
relative errors $[]\OML/cmm/m/it/12 =[]$
 []

[51]
File: figures/constant-subsonic-fixed-open.png Graphic file (type bmp)
<figures/constant-subsonic-fixed-open.png>
File: figures/subsonic-drichlet.png Graphic file (type bmp)
<figures/subsonic-drichlet.png>
 [52]
File: figures/subsonic-fixed-open.png Graphic file (type bmp)
<figures/subsonic-fixed-open.png>

Overfull \hbox (43.78888pt too wide) in paragraph at lines 106--116
 [][] 
 []

[53]
File: figures/constant-supersonic-dirichlet.png Graphic file (type bmp)
<figures/constant-supersonic-dirichlet.png>

Overfull \hbox (43.78888pt too wide) in paragraph at lines 130--140
 [][] 
 []

[54]
File: figures/constant-supersonic-fixed-open.png Graphic file (type bmp)
<figures/constant-supersonic-fixed-open.png>
File: figures/supersonic-drichlet.png Graphic file (type bmp)
<figures/supersonic-drichlet.png>
 [55]
File: figures/supersonic-fixed-open.png Graphic file (type bmp)
<figures/supersonic-fixed-open.png>
File: figures/results-accelerating-v.png Graphic file (type bmp)
<figures/results-accelerating-v.png>
 [56]
File: figures/results-decelerating-v.png Graphic file (type bmp)
<figures/results-decelerating-v.png>
) [57] [58]
\openout2 = `discussion.aux'.

 (discussion.tex
Chapter 6.
[59




]) [60] (thesis.bbl [61



] [62] [63]) [64]
\openout2 = `verification-of-analytical-solutions.aux'.


(verification-of-analytical-solutions.tex
Appendix A.
[65


]) [66] (thesis.aux (introduction.aux) (theoretical-analysis.aux)
(spectral-method.aux) (singular-perturbation.aux) (numerical-experiments.aux)
(discussion.aux) (verification-of-analytical-solutions.aux))

LaTeX Warning: There were undefined references.

Package rerunfilecheck Info: File `thesis.out' has not changed.
(rerunfilecheck)             Checksum: 820D08CD0C38ADC4D2BD180B0E2E4E3F;9673.
 )
Output written on thesis.xdv (69 pages, 995700 bytes).
